2025-03-12T19:52:06.857Z [info]: Incoming GET : /users
2025-03-12T20:51:26.291Z [info]: Incoming GET : /tickets?status=pending
2025-03-12T20:51:30.191Z [info]: Incoming PATCH : /tickets/a451dcf4-1a32-4146-b65b-34739c94cdda
2025-03-12T20:52:23.920Z [info]: Incoming PATCH : /tickets/a451dcf4-1a32-4146-b65b-34739c94cdda
2025-03-12T20:52:26.874Z [info]: Incoming PATCH : /tickets/a451dcf4-1a32-4146-b65b-34739c94cdda
2025-03-12T20:52:37.375Z [info]: Incoming PATCH : /tickets/398e7953-d11f-4796-a941-dd252172faba
2025-03-12T21:28:05.301Z [info]: Incoming POST : /users
2025-03-12T21:41:32.862Z [info]: Incoming POST : /login
2025-03-12T21:41:40.151Z [info]: Incoming POST : /login
2025-03-12T21:42:05.944Z [info]: Incoming POST : /login
2025-03-12T21:42:40.643Z [info]: Incoming POST : /users
2025-03-12T21:42:44.484Z [info]: Incoming POST : /login
2025-03-12T21:44:03.948Z [info]: Incoming POST : /login
2025-03-12T21:44:09.498Z [info]: Incoming POST : /login
2025-03-12T21:44:34.590Z [info]: Incoming POST : /login
2025-03-12T21:44:39.407Z [info]: Incoming POST : /login
2025-03-12T21:48:07.989Z [info]: Incoming POST : /login
2025-03-12T21:48:31.326Z [info]: Incoming POST : /login
2025-03-12T21:48:40.194Z [info]: Incoming POST : /login
2025-03-12T21:48:48.234Z [info]: Incoming POST : /login
2025-03-12T21:48:51.296Z [info]: Incoming POST : /login
2025-03-12T21:50:12.799Z [info]: Incoming POST : /login
2025-03-12T21:50:18.148Z [info]: Incoming POST : /login
2025-03-12T21:50:20.602Z [info]: Incoming POST : /login
2025-03-12T21:55:22.922Z [info]: Incoming POST : /login
2025-03-12T21:55:33.523Z [info]: Incoming POST : /login
2025-03-12T21:55:38.330Z [info]: Incoming POST : /login
2025-03-12T22:33:44.205Z [info]: Incoming PATCH : /tickets/a451dcf4-1a32-4146-b65b-34739c94cdda
2025-03-12T23:46:33.583Z [info]: Incoming POST : /users
2025-03-12T23:48:49.852Z [info]: Incoming DELETE : /users/11d8955c-1a8e-45cc-be69-3bf44008c171
2025-03-12T23:49:12.857Z [info]: Incoming DELETE : /users/11d8955c-1a8e-45cc-be69-3bf44008c171
2025-03-12T23:56:50.533Z [info]: Incoming POST : /users
2025-03-12T23:57:05.952Z [info]: Incoming DELETE : /users/00792233-2feb-4e25-a71c-9115601021d7a
2025-03-12T23:58:32.758Z [info]: Incoming DELETE : /users/00792233-2feb-4e25-a71c-9115601021d7a
2025-03-12T23:58:39.180Z [info]: Incoming DELETE : /users/00792233-2feb-4e25-a71c-9115601021d7
2025-03-13T00:14:19.215Z [info]: Incoming POST : /tickets
2025-03-13T00:16:01.880Z [info]: Incoming DELETE : /tickets/684d6162-ab74-458d-b7b9-e50adec4dffda
2025-03-13T00:16:06.205Z [info]: Incoming DELETE : /tickets/684d6162-ab74-458d-b7b9-e50adec4dffd
2025-03-13T00:45:41.636Z [info]: Incoming POST : /users
2025-03-13T00:46:24.264Z [info]: Incoming POST : /users
2025-03-13T02:50:43.599Z [info]: Incoming POST : /users
2025-03-13T03:03:33.146Z [info]: Incoming POST : /users
2025-03-13T03:06:37.673Z [info]: Incoming POST : /users
2025-03-13T03:08:48.433Z [info]: Incoming POST : /users
2025-03-13T03:10:24.949Z [info]: Incoming POST : /users
2025-03-13T03:11:03.732Z [info]: Incoming POST : /users
2025-03-13T03:14:00.881Z [info]: Incoming POST : /users
2025-03-13T03:14:37.342Z [info]: Incoming POST : /users
2025-03-13T03:14:43.981Z [info]: Incoming POST : /users
2025-03-13T03:16:46.552Z [info]: Incoming POST : /users
2025-03-13T03:17:19.211Z [info]: Incoming POST : /users
2025-03-13T03:19:54.082Z [info]: Incoming POST : /users
2025-03-13T03:21:37.414Z [info]: Incoming POST : /login
2025-03-13T03:22:04.936Z [info]: Incoming POST : /login
2025-03-13T03:22:29.277Z [info]: Incoming POST : /login
2025-03-13T03:22:40.238Z [info]: Incoming POST : /login
2025-03-13T03:22:50.073Z [info]: Incoming POST : /login
2025-03-13T03:25:28.163Z [info]: Incoming POST : /login
2025-03-13T03:25:59.487Z [info]: Incoming POST : /login
2025-03-13T03:26:07.733Z [info]: Incoming POST : /login
2025-03-13T03:26:15.400Z [info]: Incoming POST : /login
2025-03-13T03:27:14.296Z [info]: Incoming POST : /login
2025-03-13T03:28:04.737Z [info]: Incoming POST : /login
2025-03-13T03:29:04.032Z [info]: Incoming POST : /login
2025-03-13T03:29:08.942Z [info]: Incoming POST : /login
2025-03-13T03:31:01.312Z [info]: Incoming DELETE : /users/ce733790-82e1-4d9d-ae08-4d4fcccddc12
2025-03-13T03:31:41.111Z [info]: Incoming POST : /users
2025-03-13T03:31:46.917Z [info]: Incoming DELETE : /users/fa4521a8-c688-4b9a-92bf-66e1c0786e5f
2025-03-13T03:32:24.695Z [info]: Incoming GET : /users
2025-03-13T03:32:38.147Z [info]: Incoming GET : /users
2025-03-13T03:35:05.560Z [info]: Incoming POST : /tickets
2025-03-13T03:35:31.939Z [info]: Incoming POST : /tickets
2025-03-13T03:35:45.396Z [info]: Incoming POST : /tickets
2025-03-13T03:35:53.610Z [info]: Incoming POST : /tickets
2025-03-13T03:40:06.316Z [info]: Incoming POST : /tickets
2025-03-13T03:40:54.439Z [info]: Incoming POST : /users
2025-03-13T03:47:14.302Z [info]: Incoming POST : /tickets
2025-03-13T03:47:32.100Z [info]: Incoming POST : /tickets
2025-03-13T03:48:50.950Z [info]: Incoming DELETE : /tickets/76505a1f-577b-4b70-9d0e-d9a7ffa77f0f
2025-03-13T03:48:56.224Z [info]: Incoming POST : /tickets
2025-03-13T03:51:27.068Z [info]: Incoming DELETE : /tickets/7d766b62-911b-4fbf-805e-8e6eac7cbed0
2025-03-13T03:51:31.524Z [info]: Incoming POST : /tickets
2025-03-13T03:53:21.454Z [info]: Incoming GET : /tickets?status=pending
2025-03-13T03:55:47.857Z [info]: Incoming GET : /tickets?status=pending
2025-03-13T03:58:55.053Z [info]: Incoming GET : /tickets?status=pending
2025-03-13T04:00:22.656Z [info]: Incoming PATCH : /tickets/a451dcf4-1a32-4146-b65b-34739c94cdda
2025-03-13T04:00:47.941Z [info]: Incoming PATCH : /tickets/a451dcf4-1a32-4146-b65b-34739c94cdda
2025-03-13T04:01:01.221Z [info]: Incoming PATCH : /tickets/a451dcf4-1a32-4146-b65b-34739c94cdda
2025-03-13T04:01:10.080Z [info]: Incoming PATCH : /tickets/a451dcf4-1a32-4146-b65b-34739c94cdda
2025-03-13T04:01:36.248Z [info]: Incoming PATCH : /tickets/a451dcf4-1a32-4146-b65b-34739c94cdda
2025-03-13T15:27:36.077Z [info]: Incoming POST : /tickets
2025-03-13T15:27:39.241Z [info]: Incoming POST : /tickets
2025-03-13T15:28:56.136Z [info]: Incoming POST : /tickets
2025-03-13T15:28:59.251Z [info]: Incoming POST : /tickets
2025-03-13T15:33:48.480Z [info]: Incoming POST : /users
2025-03-13T15:33:51.831Z [info]: Incoming POST : /users
2025-03-13T15:33:54.890Z [info]: Incoming POST : /login
2025-03-13T15:33:57.175Z [info]: Incoming POST : /login
2025-03-13T15:33:59.634Z [info]: Incoming POST : /login
2025-03-13T15:34:02.599Z [info]: Incoming POST : /login
2025-03-13T15:34:05.470Z [info]: Incoming POST : /login
2025-03-13T15:34:08.620Z [info]: Incoming GET : /users
2025-03-13T15:34:11.258Z [info]: Incoming POST : /tickets
2025-03-13T15:34:15.412Z [info]: Incoming POST : /tickets
2025-03-13T15:34:21.453Z [info]: Incoming POST : /tickets
2025-03-13T15:34:25.019Z [info]: Incoming POST : /tickets
2025-03-13T15:34:28.726Z [info]: Incoming GET : /tickets?status=pending
2025-03-13T15:34:43.773Z [info]: Incoming PATCH : /tickets/d9e19d7d-f109-4039-9e51-05df78d27263
2025-03-13T15:34:47.386Z [info]: Incoming PATCH : /tickets/d9e19d7d-f109-4039-9e51-05df78d27263
2025-03-13T15:34:57.458Z [info]: Incoming PATCH : /tickets/d9e19d7d-f109-4039-9e51-05df78d27263
2025-03-13T15:38:09.428Z [info]: Incoming PATCH : /tickets/48e645f8-fbc2-4e8e-95e3-a3f618d2adb6
2025-03-13T15:38:13.811Z [info]: Incoming PATCH : /tickets/d9e19d7d-f109-4039-9e51-05df78d27263
2025-03-13T15:40:12.782Z [info]: Incoming GET : /tickets?author=df1a9288-5b28-45dc-8685-959617d9b32d
2025-03-13T15:40:59.563Z [info]: Incoming GET : /tickets?author=df1a9288-5b28-45dc-8685-959617d9b32d
2025-03-13T15:41:58.525Z [info]: Incoming GET : /tickets?author=df1a9288-5b28-45dc-8685-959617d9b32d
2025-03-13T15:42:11.529Z [info]: Incoming DELETE : /users/df1a9288-5b28-45dc-8685-959617d9b32d
2025-03-13T15:42:26.819Z [info]: Incoming DELETE : /tickets/d9e19d7d-f109-4039-9e51-05df78d27263
2025-03-13T15:42:50.282Z [info]: Incoming DELETE : /tickets/48e645f8-fbc2-4e8e-95e3-a3f618d2adb6
2025-03-13T15:44:24.857Z [info]: Incoming POST : /users
2025-03-13T15:44:25.105Z [info]: Incoming POST : /users
2025-03-13T15:44:25.197Z [info]: Incoming POST : /login
2025-03-13T15:44:25.321Z [info]: Incoming POST : /login
2025-03-13T15:44:25.429Z [info]: Incoming POST : /login
2025-03-13T15:44:25.522Z [info]: Incoming POST : /login
2025-03-13T15:44:25.615Z [info]: Incoming POST : /login
2025-03-13T15:44:25.723Z [info]: Incoming GET : /users
2025-03-13T15:44:25.816Z [info]: Incoming POST : /tickets
2025-03-13T15:44:25.909Z [info]: Incoming POST : /tickets
2025-03-13T15:44:25.986Z [info]: Incoming POST : /tickets
2025-03-13T15:44:26.110Z [info]: Incoming POST : /tickets
2025-03-13T15:44:26.234Z [info]: Incoming GET : /tickets?status=pending
2025-03-13T15:44:26.357Z [info]: Incoming PATCH : /tickets/ae8c2bbf-f3d5-4f0c-ba9c-f3b037eafb72
2025-03-13T15:44:26.482Z [info]: Incoming PATCH : /tickets/ae8c2bbf-f3d5-4f0c-ba9c-f3b037eafb72
2025-03-13T15:44:26.574Z [info]: Incoming PATCH : /tickets/ae8c2bbf-f3d5-4f0c-ba9c-f3b037eafb72
2025-03-13T15:44:26.744Z [info]: Incoming PATCH : /tickets/4c2d1bdb-0d5b-42af-9a8e-402ca18d672e
2025-03-13T15:44:26.898Z [info]: Incoming PATCH : /tickets/ae8c2bbf-f3d5-4f0c-ba9c-f3b037eafb72
2025-03-13T15:44:27.020Z [info]: Incoming GET : /tickets?author=67590208-614b-471a-8082-7aaa9b04d35d
2025-03-13T15:44:27.129Z [info]: Incoming DELETE : /users/67590208-614b-471a-8082-7aaa9b04d35d
2025-03-13T15:44:27.237Z [info]: Incoming DELETE : /tickets/ae8c2bbf-f3d5-4f0c-ba9c-f3b037eafb72
2025-03-13T15:44:27.329Z [info]: Incoming DELETE : /tickets/4c2d1bdb-0d5b-42af-9a8e-402ca18d672e
2025-03-13T18:59:43.344Z [info]: Incoming POST : /users
2025-03-13T19:01:13.499Z [info]: Incoming POST : /users
2025-03-13T19:01:41.970Z [info]: Incoming POST : /users
2025-03-13T19:03:10.319Z [info]: Incoming POST : /users
2025-03-13T19:04:41.642Z [info]: Incoming POST : /users
2025-03-13T19:04:44.639Z [info]: Incoming POST : /login
2025-03-13T19:04:48.421Z [info]: Incoming POST : /login
2025-03-13T19:04:55.202Z [info]: Incoming POST : /login
2025-03-13T19:04:57.684Z [info]: Incoming POST : /login
2025-03-13T19:05:02.907Z [info]: Incoming POST : /login
2025-03-13T19:05:16.607Z [info]: Incoming POST : /login
2025-03-13T19:06:10.815Z [info]: Incoming POST : /login
2025-03-13T19:11:30.336Z [info]: Incoming POST : /login
2025-03-13T19:11:52.608Z [info]: Incoming POST : /login
2025-03-13T19:12:47.543Z [info]: Incoming POST : /login
2025-03-13T19:13:11.895Z [info]: Incoming POST : /login
2025-03-13T19:13:59.092Z [info]: Incoming POST : /login
2025-03-13T19:14:46.716Z [info]: Incoming POST : /users
2025-03-13T19:15:19.765Z [info]: Incoming POST : /login
2025-03-13T19:15:45.820Z [info]: Incoming POST : /login
2025-03-13T19:16:30.775Z [info]: Incoming DELETE : /users/d7a90e2b-ed58-413b-b549-284d1e3e6ffc
2025-03-13T19:16:58.177Z [info]: Incoming POST : /users
2025-03-13T19:18:18.759Z [info]: Incoming POST : /users
2025-03-13T19:18:18.962Z [info]: Incoming POST : /users
2025-03-13T19:18:19.085Z [info]: Incoming POST : /login
2025-03-13T19:18:19.209Z [info]: Incoming POST : /login
2025-03-13T19:18:19.379Z [info]: Incoming POST : /login
2025-03-13T19:18:19.471Z [info]: Incoming POST : /login
2025-03-13T19:18:19.564Z [info]: Incoming POST : /login
2025-03-13T19:18:19.764Z [info]: Incoming GET : /users
2025-03-13T19:18:19.887Z [info]: Incoming POST : /tickets
2025-03-13T19:18:19.949Z [info]: Incoming POST : /tickets
2025-03-13T19:18:20.041Z [info]: Incoming POST : /tickets
2025-03-13T19:18:20.165Z [info]: Incoming POST : /tickets
2025-03-13T19:18:20.304Z [info]: Incoming GET : /tickets?status=pending
2025-03-13T19:18:20.428Z [info]: Incoming PATCH : /tickets/788a0b4a-53f9-4835-bf27-f2e712eaa85d
2025-03-13T19:18:20.612Z [info]: Incoming PATCH : /tickets/788a0b4a-53f9-4835-bf27-f2e712eaa85d
2025-03-13T19:18:20.690Z [info]: Incoming PATCH : /tickets/788a0b4a-53f9-4835-bf27-f2e712eaa85d
2025-03-13T19:18:20.845Z [info]: Incoming PATCH : /tickets/82795aea-63d6-4931-8d72-ecbc69daaf09
2025-03-13T19:18:21.014Z [info]: Incoming PATCH : /tickets/788a0b4a-53f9-4835-bf27-f2e712eaa85d
2025-03-13T19:18:21.153Z [info]: Incoming GET : /tickets?author=e96333cc-56cc-4f43-bc24-e83965b4b3d9
2025-03-13T19:18:21.277Z [info]: Incoming DELETE : /users/e96333cc-56cc-4f43-bc24-e83965b4b3d9
2025-03-13T19:18:21.400Z [info]: Incoming DELETE : /tickets/788a0b4a-53f9-4835-bf27-f2e712eaa85d
2025-03-13T19:18:21.509Z [info]: Incoming DELETE : /tickets/82795aea-63d6-4931-8d72-ecbc69daaf09
2025-03-13T19:19:02.234Z [info]: Incoming POST : /users
2025-03-13T19:19:36.773Z [info]: Incoming POST : /users
2025-03-13T19:19:36.975Z [info]: Incoming POST : /users
2025-03-13T19:19:37.129Z [info]: Incoming POST : /login
2025-03-13T19:19:37.222Z [info]: Incoming POST : /login
2025-03-13T19:19:37.309Z [info]: Incoming POST : /login
2025-03-13T19:19:37.377Z [info]: Incoming POST : /login
2025-03-13T19:19:37.470Z [info]: Incoming POST : /login
2025-03-13T19:20:02.900Z [info]: Incoming POST : /users
2025-03-13T19:20:40.622Z [info]: Incoming POST : /users
2025-03-13T19:20:40.816Z [info]: Incoming POST : /users
2025-03-13T19:20:40.925Z [info]: Incoming POST : /login
2025-03-13T19:20:41.032Z [info]: Incoming POST : /login
2025-03-13T19:20:41.187Z [info]: Incoming POST : /login
2025-03-13T19:20:41.280Z [info]: Incoming POST : /login
2025-03-13T19:20:41.357Z [info]: Incoming POST : /login
2025-03-13T19:20:41.512Z [info]: Incoming GET : /users
2025-03-13T19:20:41.635Z [info]: Incoming POST : /tickets
2025-03-13T19:20:41.712Z [info]: Incoming POST : /tickets
2025-03-13T19:20:41.805Z [info]: Incoming POST : /tickets
2025-03-13T19:20:41.897Z [info]: Incoming POST : /tickets
2025-03-13T19:20:41.990Z [info]: Incoming GET : /tickets?status=pending
2025-03-13T19:20:42.084Z [info]: Incoming PATCH : /tickets/10d89bb3-f224-400a-9bab-6e5963a1612e
2025-03-13T19:20:42.238Z [info]: Incoming PATCH : /tickets/10d89bb3-f224-400a-9bab-6e5963a1612e
2025-03-13T19:20:42.330Z [info]: Incoming PATCH : /tickets/10d89bb3-f224-400a-9bab-6e5963a1612e
2025-03-13T19:20:42.500Z [info]: Incoming PATCH : /tickets/6192e74e-8b07-46c5-96a7-eb1100dc2e6d
2025-03-13T19:20:42.668Z [info]: Incoming PATCH : /tickets/10d89bb3-f224-400a-9bab-6e5963a1612e
2025-03-13T19:20:42.822Z [info]: Incoming GET : /tickets?author=18df8d41-67b5-4ec9-ab65-1ecc2792d59d
2025-03-13T19:20:42.946Z [info]: Incoming DELETE : /users/18df8d41-67b5-4ec9-ab65-1ecc2792d59d
2025-03-13T19:20:43.069Z [info]: Incoming DELETE : /tickets/10d89bb3-f224-400a-9bab-6e5963a1612e
2025-03-13T19:20:43.177Z [info]: Incoming DELETE : /tickets/6192e74e-8b07-46c5-96a7-eb1100dc2e6d
2025-03-13T19:21:18.197Z [info]: Incoming DELETE : /users/18df8d41-67b5-4ec9-ab65-1ecc2792d59d
2025-03-13T19:21:39.429Z [info]: Incoming POST : /users
2025-03-13T19:21:39.617Z [info]: Incoming POST : /users
2025-03-13T19:21:39.741Z [info]: Incoming POST : /login
2025-03-13T19:21:39.865Z [info]: Incoming POST : /login
2025-03-13T19:21:40.021Z [info]: Incoming POST : /login
2025-03-13T19:21:40.099Z [info]: Incoming POST : /login
2025-03-13T19:21:40.191Z [info]: Incoming POST : /login
2025-03-13T19:21:40.346Z [info]: Incoming GET : /users
2025-03-13T19:21:40.454Z [info]: Incoming POST : /tickets
2025-03-13T19:21:40.532Z [info]: Incoming POST : /tickets
2025-03-13T19:21:40.594Z [info]: Incoming POST : /tickets
2025-03-13T19:21:40.718Z [info]: Incoming POST : /tickets
2025-03-13T19:21:40.842Z [info]: Incoming GET : /tickets?status=pending
2025-03-13T19:21:40.966Z [info]: Incoming PATCH : /tickets/43e1f3ef-36c7-41ab-9ea8-9cf15c1315d6
2025-03-13T19:21:41.120Z [info]: Incoming PATCH : /tickets/43e1f3ef-36c7-41ab-9ea8-9cf15c1315d6
2025-03-13T19:21:41.197Z [info]: Incoming PATCH : /tickets/43e1f3ef-36c7-41ab-9ea8-9cf15c1315d6
2025-03-13T19:21:41.351Z [info]: Incoming PATCH : /tickets/4a13c301-bf0c-4580-a644-1e02afeb817b
2025-03-13T19:21:41.538Z [info]: Incoming PATCH : /tickets/43e1f3ef-36c7-41ab-9ea8-9cf15c1315d6
2025-03-13T19:21:41.692Z [info]: Incoming GET : /tickets?author=bf8d59b1-ebcc-4bb9-84a2-ad20aa9f3f93
2025-03-13T19:21:41.815Z [info]: Incoming DELETE : /users/bf8d59b1-ebcc-4bb9-84a2-ad20aa9f3f93
2025-03-13T19:21:41.923Z [info]: Incoming DELETE : /tickets/43e1f3ef-36c7-41ab-9ea8-9cf15c1315d6
2025-03-13T19:21:42.031Z [info]: Incoming DELETE : /tickets/4a13c301-bf0c-4580-a644-1e02afeb817b
2025-03-13T19:22:00.172Z [info]: Incoming POST : /users
2025-03-13T19:22:10.961Z [info]: Incoming DELETE : /users/101d24b4-d07d-470e-94a3-6428b6a0baa8
2025-03-13T19:22:37.716Z [info]: Incoming DELETE : /users/101d24b4-d07d-470e-94a3-6428b6a0baa8
2025-03-13T19:22:52.476Z [info]: Incoming POST : /users
2025-03-13T19:22:52.680Z [info]: Incoming POST : /users
2025-03-13T19:22:52.803Z [info]: Incoming POST : /login
2025-03-13T19:22:52.927Z [info]: Incoming POST : /login
2025-03-13T19:22:53.081Z [info]: Incoming POST : /login
2025-03-13T19:22:53.143Z [info]: Incoming POST : /login
2025-03-13T19:22:53.236Z [info]: Incoming POST : /login
2025-03-13T19:22:53.375Z [info]: Incoming GET : /users
2025-03-13T19:22:53.468Z [info]: Incoming POST : /tickets
2025-03-13T19:22:53.545Z [info]: Incoming POST : /tickets
2025-03-13T19:22:53.623Z [info]: Incoming POST : /tickets
2025-03-13T19:22:53.731Z [info]: Incoming POST : /tickets
2025-03-13T19:22:53.855Z [info]: Incoming GET : /tickets?status=pending
2025-03-13T19:22:53.979Z [info]: Incoming PATCH : /tickets/0f3cc065-c216-4372-b3d0-5daf9f5b8903
2025-03-13T19:22:54.133Z [info]: Incoming PATCH : /tickets/0f3cc065-c216-4372-b3d0-5daf9f5b8903
2025-03-13T19:22:54.226Z [info]: Incoming PATCH : /tickets/0f3cc065-c216-4372-b3d0-5daf9f5b8903
2025-03-13T19:22:54.396Z [info]: Incoming PATCH : /tickets/46e2f6b3-24e6-4055-83ef-ecf33ddccdd3
2025-03-13T19:22:54.582Z [info]: Incoming PATCH : /tickets/0f3cc065-c216-4372-b3d0-5daf9f5b8903
2025-03-13T19:22:54.735Z [info]: Incoming GET : /tickets?author=df216898-e8ae-48f8-97d3-fe241ecd5e4c
2025-03-13T19:22:54.842Z [info]: Incoming DELETE : /users/df216898-e8ae-48f8-97d3-fe241ecd5e4c
2025-03-13T19:22:54.966Z [info]: Incoming DELETE : /tickets/0f3cc065-c216-4372-b3d0-5daf9f5b8903
2025-03-13T19:22:55.073Z [info]: Incoming DELETE : /tickets/46e2f6b3-24e6-4055-83ef-ecf33ddccdd3
